<?xml version="1.0" encoding="UTF-8"?>
<!-- Generated by org.testng.reporters.JUnitXMLReporter -->
<testsuite ignored="4" hostname="DESKTOP-ULMMDGA" failures="1" tests="14" name="Smoke" time="289.652" errors="0" timestamp="2022-11-08T13:32:56 IST">
  <testcase classname="com.sfe.testscripts.SignUpPageTest" name="googleSingUp" time="18.695"/>
  <testcase classname="com.sfe.testscripts.SignUpPageTest" name="whatsAppSignUp" time="7.634"/>
  <testcase classname="com.sfe.testscripts.SignUpPageTest" name="AlreadyAMemberSignin" time="0.849"/>
  <testcase classname="com.sfe.testscripts.SignUpPageTest" name="emailSingUp" time="7.514"/>
  <testcase classname="com.sfe.testscripts.SignUpPageTest" name="facebookSingUp" time="14.634"/>
  <testcase classname="com.sfe.testscripts.SignUpPageTest" name="mobileSignUp" time="9.25"/>
  <testcase classname="com.sfe.testscripts.SignInPageTest" name="googleSignIn" time="20.021">
    <failure type="java.lang.AssertionError" message="expected [https://pre-release.smefe.org/dashboard] but found [https://pre-release.smefe.org/]">
      <![CDATA[java.lang.AssertionError: expected [https://pre-release.smefe.org/dashboard] but found [https://pre-release.smefe.org/]
at com.sfe.testscripts.SignInPageTest.googleSignIn(SignInPageTest.java:57)
at java.base/java.util.ArrayList.forEach(ArrayList.java:1511)
... Removed 32 stack frames]]>
    </failure>
  </testcase> <!-- googleSignIn -->
  <testcase classname="com.sfe.testscripts.SignInPageTest" name="emailSignIn" time="18.924"/>
  <testcase classname="com.sfe.testscripts.SignInPageTest" name="facebookSignIn" time="19.469"/>
  <testcase classname="com.sfe.testscripts.SignInPageTest" name="forgotPassword" time="8.045"/>
  <testcase classname="com.sfe.testscripts.SignInPageTest" name="mobileSignIn" time="10.482"/>
  <testcase classname="com.sfe.testscripts.SignInPageTest" name="notRegisteredSignUp" time="3.616"/>
  <testcase classname="com.sfe.testscripts.SignInPageTest" name="whatsAppSignIn" time="9.249"/>
  <testcase classname="com.sfe.testscripts.ProfilePageTest" name="editProfilePage" time="91.217"/>
  <testcase classname="com.sfe.base.BaseClass" name="@AfterSuite afterSuite" time="0.0">
    <ignored/>
  </testcase> <!-- @AfterSuite afterSuite -->
  <testcase classname="com.sfe.base.BaseClass" name="@AfterSuite afterSuite" time="0.0">
    <ignored/>
  </testcase> <!-- @AfterSuite afterSuite -->
  <testcase classname="com.sfe.base.BaseClass" name="@BeforeSuite loadConfig" time="0.0">
    <ignored/>
  </testcase> <!-- @BeforeSuite loadConfig -->
  <testcase classname="com.sfe.base.BaseClass" name="@BeforeSuite loadConfig" time="0.0">
    <ignored/>
  </testcase> <!-- @BeforeSuite loadConfig -->
</testsuite> <!-- Smoke -->
