<?xml version="1.0" encoding="UTF-8"?>
<!-- Generated by org.testng.reporters.JUnitReportReporter -->
<testsuite hostname="DESKTOP-ULMMDGA" failures="1" tests="7" name="com.sfe.testscripts.SignInPageTest" time="111.854" errors="0" timestamp="2022-11-08T13:32:56 IST" skipped="0">
  <testcase classname="com.sfe.testscripts.SignInPageTest" name="googleSignIn" time="23.140">
    <failure message="expected [https://pre-release.smefe.org/dashboard] but found [https://pre-release.smefe.org/]" type="java.lang.AssertionError">
      <![CDATA[java.lang.AssertionError: expected [https://pre-release.smefe.org/dashboard] but found [https://pre-release.smefe.org/]
at org.testng.Assert.fail(Assert.java:97)
at org.testng.Assert.assertEqualsImpl(Assert.java:136)
at org.testng.Assert.assertEquals(Assert.java:118)
at org.testng.Assert.assertEquals(Assert.java:575)
at org.testng.Assert.assertEquals(Assert.java:585)
at com.sfe.testscripts.SignInPageTest.googleSignIn(SignInPageTest.java:57)
at java.base/jdk.internal.reflect.NativeMethodAccessorImpl.invoke0(Native Method)
at java.base/jdk.internal.reflect.NativeMethodAccessorImpl.invoke(NativeMethodAccessorImpl.java:77)
at java.base/jdk.internal.reflect.DelegatingMethodAccessorImpl.invoke(DelegatingMethodAccessorImpl.java:43)
at java.base/java.lang.reflect.Method.invoke(Method.java:568)
at org.testng.internal.MethodInvocationHelper.invokeMethod(MethodInvocationHelper.java:134)
at org.testng.internal.TestInvoker.invokeMethod(TestInvoker.java:597)
at org.testng.internal.TestInvoker.invokeTestMethod(TestInvoker.java:173)
at org.testng.internal.MethodRunner.runInSequence(MethodRunner.java:46)
at org.testng.internal.TestInvoker$MethodInvocationAgent.invoke(TestInvoker.java:816)
at org.testng.internal.TestInvoker.invokeTestMethods(TestInvoker.java:146)
at org.testng.internal.TestMethodWorker.invokeTestMethods(TestMethodWorker.java:146)
at org.testng.internal.TestMethodWorker.run(TestMethodWorker.java:128)
at java.base/java.util.ArrayList.forEach(ArrayList.java:1511)
at org.testng.TestRunner.privateRun(TestRunner.java:766)
at org.testng.TestRunner.run(TestRunner.java:587)
at org.testng.SuiteRunner.runTest(SuiteRunner.java:384)
at org.testng.SuiteRunner.runSequentially(SuiteRunner.java:378)
at org.testng.SuiteRunner.privateRun(SuiteRunner.java:337)
at org.testng.SuiteRunner.run(SuiteRunner.java:286)
at org.testng.SuiteRunnerWorker.runSuite(SuiteRunnerWorker.java:53)
at org.testng.SuiteRunnerWorker.run(SuiteRunnerWorker.java:96)
at org.testng.TestNG.runSuitesSequentially(TestNG.java:1187)
at org.testng.TestNG.runSuitesLocally(TestNG.java:1109)
at org.testng.TestNG.runSuites(TestNG.java:1039)
at org.testng.TestNG.run(TestNG.java:1007)
at org.testng.remote.AbstractRemoteTestNG.run(AbstractRemoteTestNG.java:115)
at org.testng.remote.RemoteTestNG.initAndRun(RemoteTestNG.java:251)
at org.testng.remote.RemoteTestNG.main(RemoteTestNG.java:77)
]]>
    </failure>
  </testcase> <!-- googleSignIn -->
  <system-out/>
  <testcase classname="com.sfe.testscripts.SignInPageTest" name="notRegisteredSignUp" time="6.904"/>
  <system-out/>
  <testcase classname="com.sfe.testscripts.SignInPageTest" name="mobileSignIn" time="13.559"/>
  <system-out/>
  <testcase classname="com.sfe.testscripts.SignInPageTest" name="forgotPassword" time="11.061"/>
  <system-out/>
  <testcase classname="com.sfe.testscripts.SignInPageTest" name="emailSignIn" time="22.268"/>
  <system-out/>
  <testcase classname="com.sfe.testscripts.SignInPageTest" name="facebookSignIn" time="22.433"/>
  <system-out/>
  <testcase classname="com.sfe.testscripts.SignInPageTest" name="whatsAppSignIn" time="12.489"/>
  <system-out/>
</testsuite> <!-- com.sfe.testscripts.SignInPageTest -->
